<?xml version="1.0" encoding="UTF-8"?>
<!-- Generated by org.testng.reporters.JUnitReportReporter -->
<testsuite hostname="manasis-air.lan" failures="0" tests="3" name="com.seleniumframework.Amazonshopping" time="11.585" errors="0" timestamp="2024-08-26T14:25:24 CDT" skipped="0">
  <testcase classname="com.seleniumframework.Amazonshopping" name="navigateToAmazon" time="4.822"/>
  <testcase classname="com.seleniumframework.Amazonshopping" name="searchItem" time="0.955"/>
  <testcase classname="com.seleniumframework.Amazonshopping" name="addItemToCart" time="5.808"/>
</testsuite> <!-- com.seleniumframework.Amazonshopping -->
