<?xml version="1.0" encoding="UTF-8"?>
<!-- Generated by org.testng.reporters.JUnitReportReporter -->
<testsuite hostname="manasis-air.lan" failures="0" tests="5" name="com.seleniumframework.Amazonshopping" time="16.796" errors="0" timestamp="2024-08-27T11:19:06 CDT" skipped="0">
  <testcase classname="com.seleniumframework.Amazonshopping" name="navigateToAmazon" time="4.305"/>
  <testcase classname="com.seleniumframework.Amazonshopping" name="searchItem" time="0.909"/>
  <testcase classname="com.seleniumframework.Amazonshopping" name="addItemToCart" time="6.310"/>
  <testcase classname="com.seleniumframework.Amazonshopping" name="assert_item_added" time="0.060"/>
  <testcase classname="com.seleniumframework.Amazonshopping" name="select_filter_range" time="5.212"/>
</testsuite> <!-- com.seleniumframework.Amazonshopping -->
