<?xml version="1.0" encoding="UTF-8"?>
<!-- Generated by org.testng.reporters.JUnitReportReporter -->
<testsuite hostname="Manasis-MacBook-Air.local" failures="0" tests="7" name="com.seleniumframework.Amazonshopping" time="22.587" errors="0" timestamp="2024-08-28T17:27:19 CDT" skipped="0">
  <testcase classname="com.seleniumframework.Amazonshopping" name="navigateToAmazon" time="5.664"/>
  <testcase classname="com.seleniumframework.Amazonshopping" name="searchItem" time="0.898"/>
  <testcase classname="com.seleniumframework.Amazonshopping" name="addItemToCart" time="6.906"/>
  <testcase classname="com.seleniumframework.Amazonshopping" name="assert_item_added" time="0.032"/>
  <testcase classname="com.seleniumframework.Amazonshopping" name="select_filter_range" time="5.645"/>
  <testcase classname="com.seleniumframework.Amazonshopping" name="handle_Popup" time="2.211"/>
  <testcase classname="com.seleniumframework.Amazonshopping" name="select_CheckBox_PrimeReadingEligible" time="1.231"/>
</testsuite> <!-- com.seleniumframework.Amazonshopping -->
