<?xml version="1.0" encoding="UTF-8"?>
<!-- Generated by org.testng.reporters.JUnitReportReporter -->
<testsuite hostname="manasis-air.lan" failures="0" tests="4" name="com.seleniumframework.Amazonshopping" time="11.342" errors="0" timestamp="2024-08-26T16:23:28 CDT" skipped="0">
  <testcase classname="com.seleniumframework.Amazonshopping" name="navigateToAmazon" time="4.282"/>
  <testcase classname="com.seleniumframework.Amazonshopping" name="searchItem" time="0.547"/>
  <testcase classname="com.seleniumframework.Amazonshopping" name="addItemToCart" time="6.449"/>
  <testcase classname="com.seleniumframework.Amazonshopping" name="assert_item_added" time="0.064"/>
</testsuite> <!-- com.seleniumframework.Amazonshopping -->
