<?xml version="1.0" encoding="UTF-8"?>
<!-- Generated by org.testng.reporters.JUnitReportReporter -->
<testsuite hostname="manasis-air.lan" failures="0" tests="3" name="com.seleniumframework.Amazonshopping" time="7.083" errors="0" timestamp="2024-08-26T01:58:54 CDT" skipped="0">
  <testcase classname="com.seleniumframework.Amazonshopping" name="navigateToAmazon" time="1.705"/>
  <testcase classname="com.seleniumframework.Amazonshopping" name="searchItem" time="0.414"/>
  <testcase classname="com.seleniumframework.Amazonshopping" name="addItemToCart" time="4.964"/>
</testsuite> <!-- com.seleniumframework.Amazonshopping -->
